<project xmlns="http://maven.apache.org/POM/4.0.0" xmlns:xsi="http://www.w3.org/2001/XMLSchema-instance" xsi:schemaLocation="http://maven.apache.org/POM/4.0.0 http://maven.apache.org/xsd/maven-4.0.0.xsd">
	<modelVersion>4.0.0</modelVersion>
	<parent>
		<groupId>com.wadpam.ricotta</groupId>
		<artifactId>ricotta</artifactId>
		<version>1.0-SNAPSHOT</version>
	</parent>
	<groupId>com.wadpam.ricotta</groupId>
	<artifactId>ricotta-plugin-test-all</artifactId>
	<version>1.0-SNAPSHOT</version>
	<packaging>pom</packaging>
	<name>${groupId}:${artifactId}</name>

	<modules>
		<module>../ricotta-maven-plugin</module>
		<module>.</module>
	</modules>

</project>